Summary of SPARK analysis
=========================

-------------------------------------------------------------------------------------------------------
SPARK Analysis results        Total       Flow   Interval   CodePeer     Provers   Justified   Unproved
-------------------------------------------------------------------------------------------------------
Data Dependencies                 .          .          .          .           .           .          .
Flow Dependencies                 .          .          .          .           .           .          .
Initialization                    5          5          .          .           .           .          .
Non-Aliasing                      .          .          .          .           .           .          .
Run-time Checks                   8          .          .          .    8 (CVC4)           .          .
Assertions                        6          .          .          .    6 (CVC4)           .          .
Functional Contracts              1          .          .          .    1 (CVC4)           .          .
LSP Verification                  .          .          .          .           .           .          .
-------------------------------------------------------------------------------------------------------
Total                            20    5 (25%)          .          .    15 (75%)           .          .


Analyzed 2 units
in unit main, 0 subprograms and packages out of 1 analyzed
  Main at main.adb:4 skipped
in unit prime, 2 subprograms and packages out of 2 analyzed
  Prime at prime.ads:1 flow analyzed (0 errors, 0 checks and 0 warnings) and proved (0 checks)
  Prime.IsPrime at prime.ads:2 flow analyzed (0 errors, 0 checks and 0 warnings) and proved (15 checks)
