Summary of SPARK analysis
=========================

-------------------------------------------------------------------------------------------------------
SPARK Analysis results        Total       Flow   Interval   CodePeer     Provers   Justified   Unproved
-------------------------------------------------------------------------------------------------------
Data Dependencies                 .          .          .          .           .           .          .
Flow Dependencies                 .          .          .          .           .           .          .
Initialization                    8          8          .          .           .           .          .
Non-Aliasing                      .          .          .          .           .           .          .
Run-time Checks                   8          .          .          .    2 (CVC4)           .          6
Assertions                        2          .          .          .    2 (CVC4)           .          .
Functional Contracts              3          .          .          .    2 (CVC4)           .          1
LSP Verification                  .          .          .          .           .           .          .
-------------------------------------------------------------------------------------------------------
Total                            21    8 (38%)          .          .     6 (29%)           .    7 (33%)


Analyzed 2 units
in unit main, 0 subprograms and packages out of 1 analyzed
  Main at main.adb:5 skipped
in unit poly, 3 subprograms and packages out of 3 analyzed
  Poly at poly.ads:1 flow analyzed (0 errors, 0 checks and 0 warnings) and proved (0 checks)
  Poly.Horner at poly.ads:10 flow analyzed (0 errors, 0 checks and 0 warnings) and not proved, 3 checks out of 6 proved
  Poly.Sum at poly.ads:5 flow analyzed (0 errors, 0 checks and 0 warnings) and not proved, 3 checks out of 7 proved
