Summary of SPARK analysis
=========================

------------------------------------------------------------------------------------------------------------------
SPARK Analysis results        Total       Flow   Interval   CodePeer                Provers   Justified   Unproved
------------------------------------------------------------------------------------------------------------------
Data Dependencies                 .          .          .          .                      .           .          .
Flow Dependencies                 .          .          .          .                      .           .          .
Initialization                    6          6          .          .                      .           .          .
Non-Aliasing                      .          .          .          .                      .           .          .
Run-time Checks                  16          .          .          .              16 (CVC4)           .          .
Assertions                        8          .          .          .    8 (CVC4 94%, Z3 6%)           .          .
Functional Contracts              3          .          .          .               3 (CVC4)           .          .
LSP Verification                  .          .          .          .                      .           .          .
------------------------------------------------------------------------------------------------------------------
Total                            33    6 (18%)          .          .               27 (82%)           .          .


Analyzed 2 units
in unit main, 0 subprograms and packages out of 1 analyzed
  Main at main.adb:3 skipped
in unit selection, 3 subprograms and packages out of 3 analyzed
  Selection at selection.ads:1 flow analyzed (0 errors, 0 checks and 0 warnings) and proved (0 checks)
  Selection.Sort at selection.ads:11 flow analyzed (0 errors, 0 checks and 0 warnings) and proved (23 checks)
  Selection.Sorted at selection.ads:5 flow analyzed (0 errors, 0 checks and 0 warnings) and proved (4 checks)
