Summary of SPARK analysis
=========================

---------------------------------------------------------------------------------------------------------
SPARK Analysis results        Total        Flow   Interval   CodePeer      Provers   Justified   Unproved
---------------------------------------------------------------------------------------------------------
Data Dependencies                 .           .          .          .            .           .          .
Flow Dependencies                 .           .          .          .            .           .          .
Initialization                   13          13          .          .            .           .          .
Non-Aliasing                      .           .          .          .            .           .          .
Run-time Checks                  22           .          .          .    22 (CVC4)           .          .
Assertions                       11           .          .          .    11 (CVC4)           .          .
Functional Contracts              1           .          .          .     1 (CVC4)           .          .
LSP Verification                  .           .          .          .            .           .          .
---------------------------------------------------------------------------------------------------------
Total                            47    13 (28%)          .          .     34 (72%)           .          .


Analyzed 2 units
in unit main, 0 subprograms and packages out of 1 analyzed
  Main at main.adb:4 skipped
in unit max2, 2 subprograms and packages out of 2 analyzed
  Max2 at max2.ads:1 flow analyzed (0 errors, 0 checks and 0 warnings) and proved (0 checks)
  Max2.FindMax2 at max2.ads:3 flow analyzed (0 errors, 0 checks and 0 warnings) and proved (34 checks)
