Summary of SPARK analysis
=========================

-------------------------------------------------------------------------------------------------------
SPARK Analysis results        Total       Flow   Interval   CodePeer     Provers   Justified   Unproved
-------------------------------------------------------------------------------------------------------
Data Dependencies                 .          .          .          .           .           .          .
Flow Dependencies                 .          .          .          .           .           .          .
Initialization                    3          3          .          .           .           .          .
Non-Aliasing                      .          .          .          .           .           .          .
Run-time Checks                   7          .          .          .    7 (CVC4)           .          .
Assertions                        2          .          .          .    2 (CVC4)           .          .
Functional Contracts              1          .          .          .    1 (CVC4)           .          .
LSP Verification                  .          .          .          .           .           .          .
-------------------------------------------------------------------------------------------------------
Total                            13    3 (23%)          .          .    10 (77%)           .          .


Analyzed 2 units
in unit factor, 2 subprograms and packages out of 2 analyzed
  Factor at factor.ads:1 flow analyzed (0 errors, 0 checks and 0 warnings) and proved (0 checks)
  Factor.Smallest_Factor at factor.ads:2 flow analyzed (0 errors, 0 checks and 0 warnings) and proved (10 checks)
in unit main, 0 subprograms and packages out of 1 analyzed
  Main at main.adb:3 skipped
